<?xml version="1.0" encoding="utf-8"?><testsuites name="pytest tests"><testsuite name="pytest" errors="0" failures="0" skipped="0" tests="17" time="17.170" timestamp="2026-04-23T20:43:56.091080+00:00" hostname="agent-env-c63db10d-ed4c-46b1-ac6d-04e10bda64bc"><testcase classname="backend.tests.test_new_features.TestBudgets" name="test_list_budgets_demo_has_seeded" time="0.604" /><testcase classname="backend.tests.test_new_features.TestBudgets" name="test_create_budget_and_verify" time="0.691" /><testcase classname="backend.tests.test_new_features.TestBudgets" name="test_create_duplicate_category_rejected" time="0.236" /><testcase classname="backend.tests.test_new_features.TestBudgets" name="test_update_budget" time="0.248" /><testcase classname="backend.tests.test_new_features.TestBudgets" name="test_delete_budget_scoped_per_user" time="0.396" /><testcase classname="backend.tests.test_new_features.TestBudgets" name="test_budget_spent_computed_from_expenses" time="0.520" /><testcase classname="backend.tests.test_new_features.TestProfile" name="test_update_name" time="0.216" /><testcase classname="backend.tests.test_new_features.TestProfile" name="test_change_password_missing_current" time="0.151" /><testcase classname="backend.tests.test_new_features.TestProfile" name="test_change_password_wrong_current" time="0.357" /><testcase classname="backend.tests.test_new_features.TestProfile" name="test_change_password_success_and_new_login" time="1.619" /><testcase classname="backend.tests.test_new_features.TestProfile" name="test_empty_update_rejected" time="0.145" /><testcase classname="backend.tests.test_new_features.TestRecurringTransactions" name="test_create_recurring_tx" time="0.282" /><testcase classname="backend.tests.test_new_features.TestRecurringTransactions" name="test_non_recurring_defaults" time="0.130" /><testcase classname="backend.tests.test_new_features.TestRecurringTransactions" name="test_invalid_frequency_rejected" time="0.128" /><testcase classname="backend.tests.test_new_features.TestAIInsights" name="test_ai_insights_demo" time="10.768" /><testcase classname="backend.tests.test_new_features.TestAIInsights" name="test_ai_insights_no_data_for_fresh_user" time="0.492" /><testcase classname="backend.tests.test_new_features.TestAIInsights" name="test_ai_insights_unauthenticated" time="0.120" /></testsuite></testsuites>