<?xml version="1.0" encoding="utf-8"?><testsuites name="pytest tests"><testsuite name="pytest" errors="0" failures="1" skipped="0" tests="15" time="6.251" timestamp="2026-04-23T20:11:27.426531+00:00" hostname="agent-env-c63db10d-ed4c-46b1-ac6d-04e10bda64bc"><testcase classname="backend.tests.backend_test.TestAuth" name="test_login_admin" time="0.445" /><testcase classname="backend.tests.backend_test.TestAuth" name="test_login_demo" time="0.342" /><testcase classname="backend.tests.backend_test.TestAuth" name="test_login_wrong_password" time="0.394" /><testcase classname="backend.tests.backend_test.TestAuth" name="test_register_and_duplicate" time="0.550" /><testcase classname="backend.tests.backend_test.TestAuth" name="test_me" time="0.539" /><testcase classname="backend.tests.backend_test.TestAuth" name="test_me_no_auth" time="0.126" /><testcase classname="backend.tests.backend_test.TestDashboard" name="test_dashboard_demo" time="0.120" /><testcase classname="backend.tests.backend_test.TestTransactions" name="test_crud_and_scope" time="1.078" /><testcase classname="backend.tests.backend_test.TestGoals" name="test_goal_crud" time="0.460" /><testcase classname="backend.tests.backend_test.TestAdmin" name="test_admin_forbidden_for_demo" time="0.293" /><testcase classname="backend.tests.backend_test.TestAdmin" name="test_admin_list_and_stats" time="0.474" /><testcase classname="backend.tests.backend_test.TestAdmin" name="test_admin_update_and_delete_user" time="0.111"><failure message="assert 422 == 200&#10; +  where 422 = &lt;Response [422]&gt;.status_code">backend/tests/backend_test.py:167: in test_admin_update_and_delete_user
    assert r.status_code == 200
E   assert 422 == 200
E    +  where 422 = &lt;Response [422]&gt;.status_code</failure></testcase><testcase classname="backend.tests.backend_test.TestAdmin" name="test_admin_cannot_self_delete" time="0.271" /><testcase classname="backend.tests.backend_test.TestExport" name="test_export_excel" time="0.636" /><testcase classname="backend.tests.backend_test.TestExport" name="test_export_pdf" time="0.223" /></testsuite></testsuites>